<?xml version="1.0" encoding="UTF-8"?>
<!-- Generated by org.testng.reporters.JUnitXMLReporter -->
<testsuite ignored="0" hostname="Shaddy" failures="0" tests="5" name="Surefire test" time="0.065" errors="0" timestamp="2021-06-13T15:07:18 IST">
  <testcase classname="qaclickacademy.AppiumTest" name="IOSApps" time="0.009"/>
  <testcase classname="qaclickacademy.AppiumTest" name="NativeAPPAndroid" time="0.001"/>
  <testcase classname="qaclickacademy.RESTAPITest" name="deleteTwitter" time="0.0"/>
  <testcase classname="qaclickacademy.RESTAPITest" name="postJIRA" time="0.001"/>
  <testcase classname="qaclickacademy.SeleniumTest" name="elementsUI" time="0.001"/>
</testsuite> <!-- Surefire test -->
