<?xml version="1.0" encoding="UTF-8"?>
<!-- Generated by org.testng.reporters.JUnitXMLReporter -->
<testsuite ignored="1" hostname="Shaddy" failures="0" tests="1" name="Default test" time="0.075" errors="0" timestamp="2021-06-13T15:33:32 IST">
  <testcase classname="qaclickacademy.SeleniumTest" name="BrowserAutomation" time="0.012"/>
  <testcase classname="qaclickacademy.SeleniumTest" name="elementsUI" time="0.0">
    <ignored/>
  </testcase> <!-- elementsUI -->
</testsuite> <!-- Default test -->
