<?xml version="1.0" encoding="UTF-8"?>
<testng-results ignored="0" total="6" passed="6" failed="0" skipped="0">
  <reporter-output>
  </reporter-output>
  <suite started-at="2021-06-13T18:34:24 IST" name="Command line suite" finished-at="2021-06-13T18:34:24 IST" duration-ms="69">
    <groups>
    </groups>
    <test started-at="2021-06-13T18:34:24 IST" name="Command line test" finished-at="2021-06-13T18:34:24 IST" duration-ms="69">
      <class name="qaclickacademy.AppiumTest">
        <test-method signature="IOSApps()[pri:0, instance:qaclickacademy.AppiumTest@31304f14]" started-at="2021-06-13T18:34:24 IST" name="IOSApps" finished-at="2021-06-13T18:34:24 IST" duration-ms="6" status="PASS">
          <reporter-output>
          </reporter-output>
        </test-method> <!-- IOSApps -->
        <test-method signature="NativeAPPAndroid()[pri:0, instance:qaclickacademy.AppiumTest@31304f14]" started-at="2021-06-13T18:34:24 IST" name="NativeAPPAndroid" finished-at="2021-06-13T18:34:24 IST" duration-ms="0" status="PASS">
          <reporter-output>
          </reporter-output>
        </test-method> <!-- NativeAPPAndroid -->
      </class> <!-- qaclickacademy.AppiumTest -->
      <class name="qaclickacademy.RESTAPITest">
        <test-method signature="deleteTwitter()[pri:0, instance:qaclickacademy.RESTAPITest@4802796d]" started-at="2021-06-13T18:34:24 IST" name="deleteTwitter" finished-at="2021-06-13T18:34:24 IST" duration-ms="1" status="PASS">
          <reporter-output>
          </reporter-output>
        </test-method> <!-- deleteTwitter -->
        <test-method signature="postJIRA()[pri:0, instance:qaclickacademy.RESTAPITest@4802796d]" started-at="2021-06-13T18:34:24 IST" name="postJIRA" finished-at="2021-06-13T18:34:24 IST" duration-ms="0" status="PASS">
          <reporter-output>
          </reporter-output>
        </test-method> <!-- postJIRA -->
      </class> <!-- qaclickacademy.RESTAPITest -->
      <class name="qaclickacademy.SeleniumTest">
        <test-method signature="BrowserAutomation()[pri:0, instance:qaclickacademy.SeleniumTest@34123d65]" started-at="2021-06-13T18:34:24 IST" name="BrowserAutomation" finished-at="2021-06-13T18:34:24 IST" duration-ms="1" status="PASS">
          <reporter-output>
          </reporter-output>
        </test-method> <!-- BrowserAutomation -->
        <test-method signature="elementsUI()[pri:0, instance:qaclickacademy.SeleniumTest@34123d65]" started-at="2021-06-13T18:34:24 IST" name="elementsUI" finished-at="2021-06-13T18:34:24 IST" duration-ms="0" status="PASS">
          <reporter-output>
          </reporter-output>
        </test-method> <!-- elementsUI -->
      </class> <!-- qaclickacademy.SeleniumTest -->
    </test> <!-- Command line test -->
  </suite> <!-- Command line suite -->
</testng-results>
